Arguments: 
  /usr/bin/node /usr/share/yarn/bin/yarn.js install

PATH: 
  /home/nn/bin:/home/nn/.local/bin:/usr/local/sbin:/usr/local/bin:/usr/sbin:/usr/bin:/sbin:/bin:/usr/games:/usr/local/games:/mnt/c/Program Files/ImageMagick-6.9.10-Q16:/mnt/c/Windows/system32:/mnt/c/Windows:/mnt/c/Windows/System32/Wbem:/mnt/c/Windows/System32/WindowsPowerShell/v1.0/:/mnt/c/Program Files (x86)/NVIDIA Corporation/PhysX/Common:/mnt/c/WINDOWS/system32:/mnt/c/WINDOWS:/mnt/c/WINDOWS/System32/Wbem:/mnt/c/WINDOWS/System32/WindowsPowerShell/v1.0/:/mnt/c/Program Files/Git/cmd:/mnt/c/Program Files (x86)/GtkSharp/2.12/bin:/mnt/c/Program Files/colortools:/mnt/c/WINDOWS/System32/OpenSSH/:/mnt/c/Program Files/Microsoft VS Code/bin:/mnt/c/Program Files (x86)/Intel/Intel(R) Management Engine Components/DAL:/mnt/c/Program Files/Intel/Intel(R) Management Engine Components/DAL:/mnt/c/Users/nshen/AppData/Local/Microsoft/WindowsApps:/mnt/c/Program Files/Microsoft VS Code/bin:/mnt/c/Users/nshen/AppData/Local/Pandoc/:/snap/bin:/home/nn/.yarn/bin

Yarn version: 
  1.19.2

Node version: 
  12.13.1

Platform: 
  linux x64

Trace: 
  SyntaxError: /mnt/d/code/mini-shed/packages/cli/package.json: Unexpected string in JSON at position 1101
      at JSON.parse (<anonymous>)
      at /usr/share/yarn/lib/cli.js:1625:59
      at Generator.next (<anonymous>)
      at step (/usr/share/yarn/lib/cli.js:304:30)
      at /usr/share/yarn/lib/cli.js:315:13

npm manifest: 
  {
    "name": "@shed/cli",
    "version": "0.2.0",
    "description": "mini-shed 命令行工具",
    "module": "dist/new-package.es.js",
    "types": "dist/index.d.ts",
    "files": [
      "dist"
    ],
    "publishConfig": {
      "access": "public"
    },
    "scripts": {
      "build2": "rimraf dist/* && rollup -c --environment DEBUG:false & yarn build:types",
      "build:types2": "tsc --declaration true --emitDeclarationOnly --outDir ./dist",
      "watch2": "rimraf dist/* && rollup -c -w --environment DEBUG:false"
    },
    "devDependencies": {
      "@types/node": "^12.12.14",
      "rimraf": "^3.0.0",
      "rollup": "^1.27.2",
      "rollup-plugin-babel": "^4.3.3",
      "rollup-plugin-generate-html-template": "^1.6.0",
      "rollup-plugin-node-resolve": "^5.2.0",
      "rollup-plugin-terser": "^5.1.2",
      "typescript": "^3.7.2"
    },
    "dependencies": {
      "@babel/cli": "^7.7.4",
      "@babel/core": "^7.7.2",
      "@babel/plugin-proposal-class-properties": "^7.7.0",
      "@babel/plugin-proposal-numeric-separator": "^7.2.0",
      "@babel/plugin-proposal-object-rest-spread": "^7.6.2",
      "@babel/preset-typescript": "^7.7.2"
    }
    "keywords": [
      "mini-game",
      "wechat"
    ],
    "author": "nshen <nshen121@gmail.com>",
    "homepage": "https://github.com/nshen/mini-shed#readme",
    "repository": {
      "type": "git",
      "url": "git+https://github.com/nshen/mini-shed.git"
    },
    "bugs": {
      "url": "https://github.com/nshen/mini-shed/issues"
    },
    "license": "MIT",
  }

yarn manifest: 
  No manifest

Lockfile: 
  No lockfile
